This is pdfTeX, Version 3.14159265-2.6-1.40.20 (TeX Live 2019) (preloaded format=pdflatex 2019.10.16)  7 JUN 2020 11:21
entering extended mode
 restricted \write18 enabled.
 %&-line parsing enabled.
**"CV_qualification _lea.tex"
(./CV_qualification _lea.tex
LaTeX2e <2018-12-01>
(/usr/local/texlive/2019/texmf-dist/tex/latex/base/article.cls
Document Class: article 2018/09/03 v1.4i Standard LaTeX document class
(/usr/local/texlive/2019/texmf-dist/tex/latex/base/size10.clo
File: size10.clo 2018/09/03 v1.4i Standard LaTeX file (size option)
)
\c@part=\count80
\c@section=\count81
\c@subsection=\count82
\c@subsubsection=\count83
\c@paragraph=\count84
\c@subparagraph=\count85
\c@figure=\count86
\c@table=\count87
\abovecaptionskip=\skip41
\belowcaptionskip=\skip42
\bibindent=\dimen102
)
(/usr/local/texlive/2019/texmf-dist/tex/latex/tools/verbatim.sty
Package: verbatim 2014/10/28 v1.5q LaTeX2e package for verbatim enhancements
\every@verbatim=\toks14
\verbatim@line=\toks15
\verbatim@in@stream=\read1
)
(/usr/local/texlive/2019/texmf-dist/tex/latex/base/inputenc.sty
Package: inputenc 2018/08/11 v1.3c Input encoding file
\inpenc@prehook=\toks16
\inpenc@posthook=\toks17

(/usr/local/texlive/2019/texmf-dist/tex/latex/base/latin1.def
File: latin1.def 2018/08/11 v1.3c Input encoding file
))
(/usr/local/texlive/2019/texmf-dist/tex/latex/graphics/graphics.sty
Package: graphics 2017/06/25 v1.2c Standard LaTeX Graphics (DPC,SPQR)

(/usr/local/texlive/2019/texmf-dist/tex/latex/graphics/trig.sty
Package: trig 2016/01/03 v1.10 sin cos tan (DPC)
)
(/usr/local/texlive/2019/texmf-dist/tex/latex/graphics-cfg/graphics.cfg
File: graphics.cfg 2016/06/04 v1.11 sample graphics configuration
)
Package graphics Info: Driver file: pdftex.def on input line 99.

(/usr/local/texlive/2019/texmf-dist/tex/latex/graphics-def/pdftex.def
File: pdftex.def 2018/01/08 v1.0l Graphics/color driver for pdftex
))
(/usr/local/texlive/2019/texmf-dist/tex/latex/graphics/color.sty
Package: color 2016/07/10 v1.1e Standard LaTeX Color (DPC)

(/usr/local/texlive/2019/texmf-dist/tex/latex/graphics-cfg/color.cfg
File: color.cfg 2016/01/02 v1.6 sample color configuration
)
Package color Info: Driver file: pdftex.def on input line 147.
)
(/usr/local/texlive/2019/texmf-dist/tex/latex/booktabs/booktabs.sty
Package: booktabs 2016/04/27 v1.618033 publication quality tables
\heavyrulewidth=\dimen103
\lightrulewidth=\dimen104
\cmidrulewidth=\dimen105
\belowrulesep=\dimen106
\belowbottomsep=\dimen107
\aboverulesep=\dimen108
\abovetopsep=\dimen109
\cmidrulesep=\dimen110
\cmidrulekern=\dimen111
\defaultaddspace=\dimen112
\@cmidla=\count88
\@cmidlb=\count89
\@aboverulesep=\dimen113
\@belowrulesep=\dimen114
\@thisruleclass=\count90
\@lastruleclass=\count91
\@thisrulewidth=\dimen115
)
(/usr/local/texlive/2019/texmf-dist/tex/latex/graphics/rotating.sty
Package: rotating 2016/08/11 v2.16d rotated objects in LaTeX

(/usr/local/texlive/2019/texmf-dist/tex/latex/graphics/graphicx.sty
Package: graphicx 2017/06/01 v1.1a Enhanced LaTeX Graphics (DPC,SPQR)

(/usr/local/texlive/2019/texmf-dist/tex/latex/graphics/keyval.sty
Package: keyval 2014/10/28 v1.15 key=value parser (DPC)
\KV@toks@=\toks18
)
\Gin@req@height=\dimen116
\Gin@req@width=\dimen117
)
(/usr/local/texlive/2019/texmf-dist/tex/latex/base/ifthen.sty
Package: ifthen 2014/09/29 v1.1c Standard LaTeX ifthen package (DPC)
)
\c@r@tfl@t=\count92
\rotFPtop=\skip43
\rotFPbot=\skip44
\rot@float@box=\box27
\rot@mess@toks=\toks19
)
(/usr/local/texlive/2019/texmf-dist/tex/latex/jknapltx/mathrsfs.sty
Package: mathrsfs 1996/01/01 Math RSFS package v1.0 (jk)
\symrsfs=\mathgroup4
)
(/usr/local/texlive/2019/texmf-dist/tex/latex/doublestroke/dsfont.sty
Package: dsfont 1995/08/01 v0.1 Double stroke roman fonts
)
(/usr/local/texlive/2019/texmf-dist/tex/latex/amsmath/amsmath.sty
Package: amsmath 2018/12/01 v2.17b AMS math features
\@mathmargin=\skip45

For additional information on amsmath, use the `?' option.
(/usr/local/texlive/2019/texmf-dist/tex/latex/amsmath/amstext.sty
Package: amstext 2000/06/29 v2.01 AMS text

(/usr/local/texlive/2019/texmf-dist/tex/latex/amsmath/amsgen.sty
File: amsgen.sty 1999/11/30 v2.0 generic functions
\@emptytoks=\toks20
\ex@=\dimen118
))
(/usr/local/texlive/2019/texmf-dist/tex/latex/amsmath/amsbsy.sty
Package: amsbsy 1999/11/29 v1.2d Bold Symbols
\pmbraise@=\dimen119
)
(/usr/local/texlive/2019/texmf-dist/tex/latex/amsmath/amsopn.sty
Package: amsopn 2016/03/08 v2.02 operator names
)
\inf@bad=\count93
LaTeX Info: Redefining \frac on input line 223.
\uproot@=\count94
\leftroot@=\count95
LaTeX Info: Redefining \overline on input line 385.
\classnum@=\count96
\DOTSCASE@=\count97
LaTeX Info: Redefining \ldots on input line 482.
LaTeX Info: Redefining \dots on input line 485.
LaTeX Info: Redefining \cdots on input line 606.
\Mathstrutbox@=\box28
\strutbox@=\box29
\big@size=\dimen120
LaTeX Font Info:    Redeclaring font encoding OML on input line 729.
LaTeX Font Info:    Redeclaring font encoding OMS on input line 730.
\macc@depth=\count98
\c@MaxMatrixCols=\count99
\dotsspace@=\muskip10
\c@parentequation=\count100
\dspbrk@lvl=\count101
\tag@help=\toks21
\row@=\count102
\column@=\count103
\maxfields@=\count104
\andhelp@=\toks22
\eqnshift@=\dimen121
\alignsep@=\dimen122
\tagshift@=\dimen123
\tagwidth@=\dimen124
\totwidth@=\dimen125
\lineht@=\dimen126
\@envbody=\toks23
\multlinegap=\skip46
\multlinetaggap=\skip47
\mathdisplay@stack=\toks24
LaTeX Info: Redefining \[ on input line 2844.
LaTeX Info: Redefining \] on input line 2845.
)
(/usr/local/texlive/2019/texmf-dist/tex/latex/amsfonts/amssymb.sty
Package: amssymb 2013/01/14 v3.01 AMS font symbols

(/usr/local/texlive/2019/texmf-dist/tex/latex/amsfonts/amsfonts.sty
Package: amsfonts 2013/01/14 v3.01 Basic AMSFonts support
\symAMSa=\mathgroup5
\symAMSb=\mathgroup6
LaTeX Font Info:    Overwriting math alphabet `\mathfrak' in version `bold'
(Font)                  U/euf/m/n --> U/euf/b/n on input line 106.
))
(/usr/local/texlive/2019/texmf-dist/tex/latex/amscls/amsthm.sty
Package: amsthm 2017/10/31 v2.20.4
\thm@style=\toks25
\thm@bodyfont=\toks26
\thm@headfont=\toks27
\thm@notefont=\toks28
\thm@headpunct=\toks29
\thm@preskip=\skip48
\thm@postskip=\skip49
\thm@headsep=\skip50
\dth@everypar=\toks30
)
Package color Info: Redefining color blue on input line 36.
Package color Info: Redefining color red on input line 37.
\duree=\skip51

(./CV_qualification _lea.aux)
\openout1 = `"CV_qualification _lea.aux"'.

LaTeX Font Info:    Checking defaults for OML/cmm/m/it on input line 100.
LaTeX Font Info:    ... okay on input line 100.
LaTeX Font Info:    Checking defaults for T1/cmr/m/n on input line 100.
LaTeX Font Info:    ... okay on input line 100.
LaTeX Font Info:    Checking defaults for OT1/cmr/m/n on input line 100.
LaTeX Font Info:    ... okay on input line 100.
LaTeX Font Info:    Checking defaults for OMS/cmsy/m/n on input line 100.
LaTeX Font Info:    ... okay on input line 100.
LaTeX Font Info:    Checking defaults for OMX/cmex/m/n on input line 100.
LaTeX Font Info:    ... okay on input line 100.
LaTeX Font Info:    Checking defaults for U/cmr/m/n on input line 100.
LaTeX Font Info:    ... okay on input line 100.

(/usr/local/texlive/2019/texmf-dist/tex/context/base/mkii/supp-pdf.mkii
[Loading MPS to PDF converter (version 2006.09.02).]
\scratchcounter=\count105
\scratchdimen=\dimen127
\scratchbox=\box30
\nofMPsegments=\count106
\nofMParguments=\count107
\everyMPshowfont=\toks31
\MPscratchCnt=\count108
\MPscratchDim=\dimen128
\MPnumerator=\count109
\makeMPintoPDFobject=\count110
\everyMPtoPDFconversion=\toks32
) (/usr/local/texlive/2019/texmf-dist/tex/latex/oberdiek/epstopdf-base.sty
Package: epstopdf-base 2016/05/15 v2.6 Base part for package epstopdf

(/usr/local/texlive/2019/texmf-dist/tex/generic/oberdiek/infwarerr.sty
Package: infwarerr 2016/05/16 v1.4 Providing info/warning/error messages (HO)
)
(/usr/local/texlive/2019/texmf-dist/tex/latex/oberdiek/grfext.sty
Package: grfext 2016/05/16 v1.2 Manage graphics extensions (HO)

(/usr/local/texlive/2019/texmf-dist/tex/generic/oberdiek/kvdefinekeys.sty
Package: kvdefinekeys 2016/05/16 v1.4 Define keys (HO)

(/usr/local/texlive/2019/texmf-dist/tex/generic/oberdiek/ltxcmds.sty
Package: ltxcmds 2016/05/16 v1.23 LaTeX kernel commands for general use (HO)
)))
(/usr/local/texlive/2019/texmf-dist/tex/latex/oberdiek/kvoptions.sty
Package: kvoptions 2016/05/16 v3.12 Key value format for package options (HO)

(/usr/local/texlive/2019/texmf-dist/tex/generic/oberdiek/kvsetkeys.sty
Package: kvsetkeys 2016/05/16 v1.17 Key value parser (HO)

(/usr/local/texlive/2019/texmf-dist/tex/generic/oberdiek/etexcmds.sty
Package: etexcmds 2016/05/16 v1.6 Avoid name clashes with e-TeX commands (HO)

(/usr/local/texlive/2019/texmf-dist/tex/generic/oberdiek/ifluatex.sty
Package: ifluatex 2016/05/16 v1.4 Provides the ifluatex switch (HO)
Package ifluatex Info: LuaTeX not detected.
))))
(/usr/local/texlive/2019/texmf-dist/tex/generic/oberdiek/pdftexcmds.sty
Package: pdftexcmds 2018/09/10 v0.29 Utility functions of pdfTeX for LuaTeX (HO
)

(/usr/local/texlive/2019/texmf-dist/tex/generic/oberdiek/ifpdf.sty
Package: ifpdf 2018/09/07 v3.3 Provides the ifpdf switch
)
Package pdftexcmds Info: LuaTeX not detected.
Package pdftexcmds Info: \pdf@primitive is available.
Package pdftexcmds Info: \pdf@ifprimitive is available.
Package pdftexcmds Info: \pdfdraftmode found.
)
Package epstopdf-base Info: Redefining graphics rule for `.eps' on input line 4
38.
Package grfext Info: Graphics extension search list:
(grfext)             [.pdf,.png,.jpg,.mps,.jpeg,.jbig2,.jb2,.PDF,.PNG,.JPG,.JPE
G,.JBIG2,.JB2,.eps]
(grfext)             \AppendGraphicsExtensions on input line 456.

(/usr/local/texlive/2019/texmf-dist/tex/latex/latexconfig/epstopdf-sys.cfg
File: epstopdf-sys.cfg 2010/07/13 v1.3 Configuration of (r)epstopdf for TeX Liv
e
))

LaTeX Font Warning: Font shape `OT1/cmr/bx/sc' undefined
(Font)              using `OT1/cmr/bx/n' instead on input line 105.


Underfull \hbox (badness 10000) in paragraph at lines 105--105

 []


Underfull \hbox (badness 10000) in paragraph at lines 112--115
  []
 []


Underfull \hbox (badness 10000) in paragraph at lines 112--115
  []
 []


Underfull \hbox (badness 10000) in paragraph at lines 116--122
  []
 []


Underfull \hbox (badness 10000) in paragraph at lines 116--122
  []
 []


Underfull \hbox (badness 10000) in paragraph at lines 116--122
  []
 []


Underfull \hbox (badness 10000) in paragraph at lines 116--122
  []
 []


Underfull \hbox (badness 10000) in paragraph at lines 116--122
  []
 []


Underfull \hbox (badness 10000) in paragraph at lines 116--122
  []
 []


Underfull \hbox (badness 10000) in paragraph at lines 116--122

 []


Underfull \hbox (badness 10000) in paragraph at lines 123--126
  []
 []


Underfull \hbox (badness 10000) in paragraph at lines 123--126
  []
 []


Underfull \hbox (badness 10000) in paragraph at lines 128--133
  []
 []


Underfull \hbox (badness 10000) in paragraph at lines 128--133
  []
 []


Underfull \hbox (badness 10000) in paragraph at lines 128--133
  []
 []


Underfull \hbox (badness 10000) in paragraph at lines 128--133
  []
 []


Underfull \hbox (badness 10000) in paragraph at lines 128--133
  []
 []


Underfull \hbox (badness 10000) in paragraph at lines 128--133

 []

[1

{/usr/local/texlive/2019/texmf-var/fonts/map/pdftex/updmap/pdftex.map}]
Underfull \hbox (badness 10000) in paragraph at lines 135--138
  []
 []


Underfull \hbox (badness 10000) in paragraph at lines 135--138
  []
 []


Underfull \hbox (badness 10000) in paragraph at lines 140--142
  []
 []


Underfull \hbox (badness 10000) in paragraph at lines 140--142
  []
 []


Underfull \hbox (badness 10000) in paragraph at lines 144--147
\OT1/cmr/bx/n/10 2018  []
 []


Underfull \hbox (badness 10000) in paragraph at lines 144--147
  []
 []


Underfull \hbox (badness 10000) in paragraph at lines 144--147
  []
 []


Underfull \hbox (badness 1436) in paragraph at lines 148--148
[]\OT1/cmr/m/n/10 - Pro-jet []\OT1/cmr/bx/n/10 Di-as-pora mala-gasy[]\OT1/cmr/m
/n/10 : Le pro-jet fait ressor-tir l?importance so-ciale,
 []


Underfull \hbox (badness 10000) in paragraph at lines 148--150
  []
 []


Underfull \hbox (badness 10000) in paragraph at lines 148--150
  []
 []


Underfull \hbox (badness 10000) in paragraph at lines 152--154
\OT1/cmr/bx/n/10 2017  []
 []


Underfull \hbox (badness 10000) in paragraph at lines 152--154
  []
 []


Underfull \hbox (badness 10000) in paragraph at lines 155--157
  []
 []


Underfull \hbox (badness 10000) in paragraph at lines 155--157
  []
 []


Underfull \hbox (badness 10000) in paragraph at lines 159--162
\OT1/cmr/bx/n/10 2017  []
 []


Underfull \hbox (badness 10000) in paragraph at lines 159--162
  []
 []


Underfull \hbox (badness 10000) in paragraph at lines 159--162
  []
 []


Underfull \hbox (badness 10000) in paragraph at lines 163--165
  []
 []


Underfull \hbox (badness 10000) in paragraph at lines 163--165
  []
 []


Underfull \hbox (badness 10000) in paragraph at lines 166--167
\OT1/cmr/bx/n/10 2010  []
 []

LaTeX Font Info:    Try loading font information for U+rsfs on input line 170.
(/usr/local/texlive/2019/texmf-dist/tex/latex/jknapltx/ursfs.fd
File: ursfs.fd 1998/03/24 rsfs font definition file (jk)
)
LaTeX Font Info:    Try loading font information for U+msa on input line 170.

(/usr/local/texlive/2019/texmf-dist/tex/latex/amsfonts/umsa.fd
File: umsa.fd 2013/01/14 v3.01 AMS symbols A
)
LaTeX Font Info:    Try loading font information for U+msb on input line 170.

(/usr/local/texlive/2019/texmf-dist/tex/latex/amsfonts/umsb.fd
File: umsb.fd 2013/01/14 v3.01 AMS symbols B
)
Underfull \hbox (badness 10000) in paragraph at lines 170--175
  []
 []


Underfull \hbox (badness 10000) in paragraph at lines 170--175

 []

[2]
Underfull \hbox (badness 10000) in paragraph at lines 200--202

 []


Underfull \hbox (badness 1648) in paragraph at lines 213--213
[]\OT1/cmr/m/n/10 Charg^^Se de Travaux Dirig^^Ses du mod-ule d'\OT1/cmr/bx/n/10
 Alg^^Rebre $\OT1/cmr/m/n/10 2$ en deuxi^^Reme ann^^See de
 []

[3]
Underfull \hbox (badness 1983) in paragraph at lines 215--215
[]\OT1/cmr/m/n/10 Charg^^Se de Travaux Dirig^^Ses du mod-ule d'\OT1/cmr/bx/n/10
 Alg^^Rebre $\OT1/cmr/m/n/10 1$ en premi^^Rere ann^^See de
 []


Underfull \hbox (badness 10000) in paragraph at lines 228--229

 []


Underfull \hbox (badness 10000) in paragraph at lines 233--234

 []


Underfull \hbox (badness 10000) in paragraph at lines 238--239

 []


Overfull \hbox (0.94443pt too wide) in paragraph at lines 249--250
\OT1/cmr/bx/n/10 20-06-2019   []
 []


Underfull \hbox (badness 10000) in paragraph at lines 249--250

 []


Overfull \hbox (0.94443pt too wide) in paragraph at lines 254--255
\OT1/cmr/bx/n/10 18-09-2018   []
 []


Underfull \hbox (badness 10000) in paragraph at lines 254--255

 []


Overfull \hbox (0.94443pt too wide) in paragraph at lines 260--261
\OT1/cmr/bx/n/10 18-06-2018   []
 []


Underfull \hbox (badness 10000) in paragraph at lines 260--261

 []

[4]
Overfull \hbox (0.94443pt too wide) in paragraph at lines 266--267
\OT1/cmr/bx/n/10 18-06-2018   []
 []


Underfull \hbox (badness 10000) in paragraph at lines 266--267

 []


Overfull \hbox (0.94443pt too wide) in paragraph at lines 271--272
\OT1/cmr/bx/n/10 18-06-2018   []
 []


Underfull \hbox (badness 10000) in paragraph at lines 271--272

 []


Overfull \hbox (0.94443pt too wide) in paragraph at lines 277--278
\OT1/cmr/bx/n/10 18-06-2018   []
 []


Underfull \hbox (badness 10000) in paragraph at lines 277--278

 []


Overfull \hbox (0.94443pt too wide) in paragraph at lines 282--283
\OT1/cmr/bx/n/10 18-06-2018   []
 []


Underfull \hbox (badness 10000) in paragraph at lines 282--283

 []


Overfull \hbox (0.94443pt too wide) in paragraph at lines 287--288
\OT1/cmr/bx/n/10 18-06-2018   []
 []


Underfull \hbox (badness 10000) in paragraph at lines 287--288

 []


Underfull \hbox (badness 10000) in paragraph at lines 292--293

 []

[5]
Underfull \hbox (badness 1668) in paragraph at lines 313--317
\OT1/cmr/bx/n/10 Logi-ciels  []
 []


Underfull \hbox (badness 2556) in paragraph at lines 319--322
\OT1/cmr/bx/n/10 Fran^^Xcais  []
 []


Underfull \hbox (badness 6445) in paragraph at lines 319--322
\OT1/cmr/bx/n/10 Anglais  []
 []


Overfull \hbox (16.68738pt too wide) in paragraph at lines 331--332
\OT1/cmr/bx/n/10 Monica Bil-lio :  []
 []


Overfull \hbox (44.12617pt too wide) in paragraph at lines 338--340
\OT1/cmr/bx/n/10 Christophe Chorro :  []
 []


Overfull \hbox (47.18164pt too wide) in paragraph at lines 344--345
\OT1/cmr/bx/n/10 Adolphe Ra-tiari-son :  []
 []


Overfull \hbox (67.59811pt too wide) in paragraph at lines 351--352
\OT1/cmr/bx/n/10 G^^Serard Razafi-manat-soa :  []
 []

[6]
Overfull \hbox (41.08997pt too wide) in paragraph at lines 357--358
\OT1/cmr/bx/n/10 Mahenina Ranaivo:  []
 []


Underfull \hbox (badness 1436) in paragraph at lines 362--362
[]\OT1/cmr/m/n/10 Cr^^Seativit^^Se, sens de l'innovation, ou-ver-ture d'esprit,
 cul-ture g^^Sen^^Serale, ca-pacit^^Se
 []


Underfull \hbox (badness 10000) in paragraph at lines 362--364
  []
 []


Underfull \hbox (badness 6204) in paragraph at lines 365--368
\OT1/cmr/bx/n/10 Pas-sion  []
 []


Underfull \hbox (badness 10000) in paragraph at lines 365--368
\OT1/cmr/bx/n/10 Sport  []
 []

LaTeX Font Info:    Try loading font information for OMS+cmr on input line 374.

(/usr/local/texlive/2019/texmf-dist/tex/latex/base/omscmr.fd
File: omscmr.fd 2014/09/29 v2.5h Standard LaTeX font definitions
)
LaTeX Font Info:    Font shape `OMS/cmr/m/n' in size <10> not available
(Font)              Font shape `OMS/cmsy/m/n' tried instead on input line 374.
 [7]
Underfull \hbox (badness 10000) in paragraph at lines 404--405

 []

[8] [9] (./CV_qualification _lea.aux)

LaTeX Font Warning: Some font shapes were not available, defaults substituted.

 ) 
Here is how much of TeX's memory you used:
 2763 strings out of 492616
 37604 string characters out of 6129480
 106965 words of memory out of 5000000
 6610 multiletter control sequences out of 15000+600000
 11721 words of font info for 47 fonts, out of 8000000 for 9000
 1141 hyphenation exceptions out of 8191
 41i,9n,27p,1504b,242s stack positions out of 5000i,500n,10000p,200000b,80000s
</usr/local/texlive/2019/texmf-dist/fonts/type1/public/amsfonts/cm/cmbx10.pfb
></usr/local/texlive/2019/texmf-dist/fonts/type1/public/amsfonts/cm/cmbx12.pfb>
</usr/local/texlive/2019/texmf-dist/fonts/type1/public/amsfonts/cm/cmcsc10.pfb>
</usr/local/texlive/2019/texmf-dist/fonts/type1/public/amsfonts/cm/cmex10.pfb><
/usr/local/texlive/2019/texmf-dist/fonts/type1/public/amsfonts/cm/cmmi10.pfb></
usr/local/texlive/2019/texmf-dist/fonts/type1/public/amsfonts/cm/cmmi5.pfb></us
r/local/texlive/2019/texmf-dist/fonts/type1/public/amsfonts/cm/cmmi6.pfb></usr/
local/texlive/2019/texmf-dist/fonts/type1/public/amsfonts/cm/cmmi7.pfb></usr/lo
cal/texlive/2019/texmf-dist/fonts/type1/public/amsfonts/cm/cmmi8.pfb></usr/loca
l/texlive/2019/texmf-dist/fonts/type1/public/amsfonts/cm/cmr10.pfb></usr/local/
texlive/2019/texmf-dist/fonts/type1/public/amsfonts/cm/cmr5.pfb></usr/local/tex
live/2019/texmf-dist/fonts/type1/public/amsfonts/cm/cmr6.pfb></usr/local/texliv
e/2019/texmf-dist/fonts/type1/public/amsfonts/cm/cmr7.pfb></usr/local/texlive/2
019/texmf-dist/fonts/type1/public/amsfonts/cm/cmr8.pfb></usr/local/texlive/2019
/texmf-dist/fonts/type1/public/amsfonts/cm/cmr9.pfb></usr/local/texlive/2019/te
xmf-dist/fonts/type1/public/amsfonts/cm/cmsy10.pfb></usr/local/texlive/2019/tex
mf-dist/fonts/type1/public/amsfonts/cm/cmsy5.pfb></usr/local/texlive/2019/texmf
-dist/fonts/type1/public/amsfonts/cm/cmsy7.pfb></usr/local/texlive/2019/texmf-d
ist/fonts/type1/public/amsfonts/cm/cmti10.pfb></usr/local/texlive/2019/texmf-di
st/fonts/type1/public/amsfonts/symbols/msbm10.pfb>
Output written on "CV_qualification _lea.pdf" (9 pages, 240006 bytes).
PDF statistics:
 114 PDF objects out of 1000 (max. 8388607)
 82 compressed objects within 1 object stream
 0 named destinations out of 1000 (max. 500000)
 1 words of extra memory for PDF output out of 10000 (max. 10000000)

