This is pdfTeX, Version 3.14159265-2.6-1.40.20 (TeX Live 2019) (preloaded format=pdflatex 2019.10.16)  18 JUN 2020 14:48
entering extended mode
 restricted \write18 enabled.
 %&-line parsing enabled.
**English.tex
(./English.tex
LaTeX2e <2018-12-01>
(/usr/local/texlive/2019/texmf-dist/tex/latex/base/article.cls
Document Class: article 2018/09/03 v1.4i Standard LaTeX document class
(/usr/local/texlive/2019/texmf-dist/tex/latex/base/size10.clo
File: size10.clo 2018/09/03 v1.4i Standard LaTeX file (size option)
)
\c@part=\count80
\c@section=\count81
\c@subsection=\count82
\c@subsubsection=\count83
\c@paragraph=\count84
\c@subparagraph=\count85
\c@figure=\count86
\c@table=\count87
\abovecaptionskip=\skip41
\belowcaptionskip=\skip42
\bibindent=\dimen102
)
(/usr/local/texlive/2019/texmf-dist/tex/latex/tools/verbatim.sty
Package: verbatim 2014/10/28 v1.5q LaTeX2e package for verbatim enhancements
\every@verbatim=\toks14
\verbatim@line=\toks15
\verbatim@in@stream=\read1
)
(/usr/local/texlive/2019/texmf-dist/tex/latex/base/inputenc.sty
Package: inputenc 2018/08/11 v1.3c Input encoding file
\inpenc@prehook=\toks16
\inpenc@posthook=\toks17

(/usr/local/texlive/2019/texmf-dist/tex/latex/base/latin1.def
File: latin1.def 2018/08/11 v1.3c Input encoding file
))
(/usr/local/texlive/2019/texmf-dist/tex/latex/graphics/graphics.sty
Package: graphics 2017/06/25 v1.2c Standard LaTeX Graphics (DPC,SPQR)

(/usr/local/texlive/2019/texmf-dist/tex/latex/graphics/trig.sty
Package: trig 2016/01/03 v1.10 sin cos tan (DPC)
)
(/usr/local/texlive/2019/texmf-dist/tex/latex/graphics-cfg/graphics.cfg
File: graphics.cfg 2016/06/04 v1.11 sample graphics configuration
)
Package graphics Info: Driver file: pdftex.def on input line 99.

(/usr/local/texlive/2019/texmf-dist/tex/latex/graphics-def/pdftex.def
File: pdftex.def 2018/01/08 v1.0l Graphics/color driver for pdftex
))
(/usr/local/texlive/2019/texmf-dist/tex/latex/graphics/color.sty
Package: color 2016/07/10 v1.1e Standard LaTeX Color (DPC)

(/usr/local/texlive/2019/texmf-dist/tex/latex/graphics-cfg/color.cfg
File: color.cfg 2016/01/02 v1.6 sample color configuration
)
Package color Info: Driver file: pdftex.def on input line 147.
)
(/usr/local/texlive/2019/texmf-dist/tex/latex/booktabs/booktabs.sty
Package: booktabs 2016/04/27 v1.618033 publication quality tables
\heavyrulewidth=\dimen103
\lightrulewidth=\dimen104
\cmidrulewidth=\dimen105
\belowrulesep=\dimen106
\belowbottomsep=\dimen107
\aboverulesep=\dimen108
\abovetopsep=\dimen109
\cmidrulesep=\dimen110
\cmidrulekern=\dimen111
\defaultaddspace=\dimen112
\@cmidla=\count88
\@cmidlb=\count89
\@aboverulesep=\dimen113
\@belowrulesep=\dimen114
\@thisruleclass=\count90
\@lastruleclass=\count91
\@thisrulewidth=\dimen115
)
(/usr/local/texlive/2019/texmf-dist/tex/latex/graphics/rotating.sty
Package: rotating 2016/08/11 v2.16d rotated objects in LaTeX

(/usr/local/texlive/2019/texmf-dist/tex/latex/graphics/graphicx.sty
Package: graphicx 2017/06/01 v1.1a Enhanced LaTeX Graphics (DPC,SPQR)

(/usr/local/texlive/2019/texmf-dist/tex/latex/graphics/keyval.sty
Package: keyval 2014/10/28 v1.15 key=value parser (DPC)
\KV@toks@=\toks18
)
\Gin@req@height=\dimen116
\Gin@req@width=\dimen117
)
(/usr/local/texlive/2019/texmf-dist/tex/latex/base/ifthen.sty
Package: ifthen 2014/09/29 v1.1c Standard LaTeX ifthen package (DPC)
)
\c@r@tfl@t=\count92
\rotFPtop=\skip43
\rotFPbot=\skip44
\rot@float@box=\box27
\rot@mess@toks=\toks19
)
(/usr/local/texlive/2019/texmf-dist/tex/latex/jknapltx/mathrsfs.sty
Package: mathrsfs 1996/01/01 Math RSFS package v1.0 (jk)
\symrsfs=\mathgroup4
)
(/usr/local/texlive/2019/texmf-dist/tex/latex/doublestroke/dsfont.sty
Package: dsfont 1995/08/01 v0.1 Double stroke roman fonts
)
(/usr/local/texlive/2019/texmf-dist/tex/latex/amsmath/amsmath.sty
Package: amsmath 2018/12/01 v2.17b AMS math features
\@mathmargin=\skip45

For additional information on amsmath, use the `?' option.
(/usr/local/texlive/2019/texmf-dist/tex/latex/amsmath/amstext.sty
Package: amstext 2000/06/29 v2.01 AMS text

(/usr/local/texlive/2019/texmf-dist/tex/latex/amsmath/amsgen.sty
File: amsgen.sty 1999/11/30 v2.0 generic functions
\@emptytoks=\toks20
\ex@=\dimen118
))
(/usr/local/texlive/2019/texmf-dist/tex/latex/amsmath/amsbsy.sty
Package: amsbsy 1999/11/29 v1.2d Bold Symbols
\pmbraise@=\dimen119
)
(/usr/local/texlive/2019/texmf-dist/tex/latex/amsmath/amsopn.sty
Package: amsopn 2016/03/08 v2.02 operator names
)
\inf@bad=\count93
LaTeX Info: Redefining \frac on input line 223.
\uproot@=\count94
\leftroot@=\count95
LaTeX Info: Redefining \overline on input line 385.
\classnum@=\count96
\DOTSCASE@=\count97
LaTeX Info: Redefining \ldots on input line 482.
LaTeX Info: Redefining \dots on input line 485.
LaTeX Info: Redefining \cdots on input line 606.
\Mathstrutbox@=\box28
\strutbox@=\box29
\big@size=\dimen120
LaTeX Font Info:    Redeclaring font encoding OML on input line 729.
LaTeX Font Info:    Redeclaring font encoding OMS on input line 730.
\macc@depth=\count98
\c@MaxMatrixCols=\count99
\dotsspace@=\muskip10
\c@parentequation=\count100
\dspbrk@lvl=\count101
\tag@help=\toks21
\row@=\count102
\column@=\count103
\maxfields@=\count104
\andhelp@=\toks22
\eqnshift@=\dimen121
\alignsep@=\dimen122
\tagshift@=\dimen123
\tagwidth@=\dimen124
\totwidth@=\dimen125
\lineht@=\dimen126
\@envbody=\toks23
\multlinegap=\skip46
\multlinetaggap=\skip47
\mathdisplay@stack=\toks24
LaTeX Info: Redefining \[ on input line 2844.
LaTeX Info: Redefining \] on input line 2845.
)
(/usr/local/texlive/2019/texmf-dist/tex/latex/amsfonts/amssymb.sty
Package: amssymb 2013/01/14 v3.01 AMS font symbols

(/usr/local/texlive/2019/texmf-dist/tex/latex/amsfonts/amsfonts.sty
Package: amsfonts 2013/01/14 v3.01 Basic AMSFonts support
\symAMSa=\mathgroup5
\symAMSb=\mathgroup6
LaTeX Font Info:    Overwriting math alphabet `\mathfrak' in version `bold'
(Font)                  U/euf/m/n --> U/euf/b/n on input line 106.
))
(/usr/local/texlive/2019/texmf-dist/tex/latex/amscls/amsthm.sty
Package: amsthm 2017/10/31 v2.20.4
\thm@style=\toks25
\thm@bodyfont=\toks26
\thm@headfont=\toks27
\thm@notefont=\toks28
\thm@headpunct=\toks29
\thm@preskip=\skip48
\thm@postskip=\skip49
\thm@headsep=\skip50
\dth@everypar=\toks30
)
Package color Info: Redefining color blue on input line 36.
Package color Info: Redefining color red on input line 37.
\duree=\skip51
 (./English.aux)
\openout1 = `English.aux'.

LaTeX Font Info:    Checking defaults for OML/cmm/m/it on input line 101.
LaTeX Font Info:    ... okay on input line 101.
LaTeX Font Info:    Checking defaults for T1/cmr/m/n on input line 101.
LaTeX Font Info:    ... okay on input line 101.
LaTeX Font Info:    Checking defaults for OT1/cmr/m/n on input line 101.
LaTeX Font Info:    ... okay on input line 101.
LaTeX Font Info:    Checking defaults for OMS/cmsy/m/n on input line 101.
LaTeX Font Info:    ... okay on input line 101.
LaTeX Font Info:    Checking defaults for OMX/cmex/m/n on input line 101.
LaTeX Font Info:    ... okay on input line 101.
LaTeX Font Info:    Checking defaults for U/cmr/m/n on input line 101.
LaTeX Font Info:    ... okay on input line 101.
 (/usr/local/texlive/2019/texmf-dist/tex/context/base/mkii/supp-pdf.mkii
[Loading MPS to PDF converter (version 2006.09.02).]
\scratchcounter=\count105
\scratchdimen=\dimen127
\scratchbox=\box30
\nofMPsegments=\count106
\nofMParguments=\count107
\everyMPshowfont=\toks31
\MPscratchCnt=\count108
\MPscratchDim=\dimen128
\MPnumerator=\count109
\makeMPintoPDFobject=\count110
\everyMPtoPDFconversion=\toks32
) (/usr/local/texlive/2019/texmf-dist/tex/latex/oberdiek/epstopdf-base.sty
Package: epstopdf-base 2016/05/15 v2.6 Base part for package epstopdf

(/usr/local/texlive/2019/texmf-dist/tex/generic/oberdiek/infwarerr.sty
Package: infwarerr 2016/05/16 v1.4 Providing info/warning/error messages (HO)
)
(/usr/local/texlive/2019/texmf-dist/tex/latex/oberdiek/grfext.sty
Package: grfext 2016/05/16 v1.2 Manage graphics extensions (HO)

(/usr/local/texlive/2019/texmf-dist/tex/generic/oberdiek/kvdefinekeys.sty
Package: kvdefinekeys 2016/05/16 v1.4 Define keys (HO)

(/usr/local/texlive/2019/texmf-dist/tex/generic/oberdiek/ltxcmds.sty
Package: ltxcmds 2016/05/16 v1.23 LaTeX kernel commands for general use (HO)
)))
(/usr/local/texlive/2019/texmf-dist/tex/latex/oberdiek/kvoptions.sty
Package: kvoptions 2016/05/16 v3.12 Key value format for package options (HO)

(/usr/local/texlive/2019/texmf-dist/tex/generic/oberdiek/kvsetkeys.sty
Package: kvsetkeys 2016/05/16 v1.17 Key value parser (HO)

(/usr/local/texlive/2019/texmf-dist/tex/generic/oberdiek/etexcmds.sty
Package: etexcmds 2016/05/16 v1.6 Avoid name clashes with e-TeX commands (HO)

(/usr/local/texlive/2019/texmf-dist/tex/generic/oberdiek/ifluatex.sty
Package: ifluatex 2016/05/16 v1.4 Provides the ifluatex switch (HO)
Package ifluatex Info: LuaTeX not detected.
))))
(/usr/local/texlive/2019/texmf-dist/tex/generic/oberdiek/pdftexcmds.sty
Package: pdftexcmds 2018/09/10 v0.29 Utility functions of pdfTeX for LuaTeX (HO
)

(/usr/local/texlive/2019/texmf-dist/tex/generic/oberdiek/ifpdf.sty
Package: ifpdf 2018/09/07 v3.3 Provides the ifpdf switch
)
Package pdftexcmds Info: LuaTeX not detected.
Package pdftexcmds Info: \pdf@primitive is available.
Package pdftexcmds Info: \pdf@ifprimitive is available.
Package pdftexcmds Info: \pdfdraftmode found.
)
Package epstopdf-base Info: Redefining graphics rule for `.eps' on input line 4
38.
Package grfext Info: Graphics extension search list:
(grfext)             [.pdf,.png,.jpg,.mps,.jpeg,.jbig2,.jb2,.PDF,.PNG,.JPG,.JPE
G,.JBIG2,.JB2,.eps]
(grfext)             \AppendGraphicsExtensions on input line 456.

(/usr/local/texlive/2019/texmf-dist/tex/latex/latexconfig/epstopdf-sys.cfg
File: epstopdf-sys.cfg 2010/07/13 v1.3 Configuration of (r)epstopdf for TeX Liv
e
))

LaTeX Font Warning: Font shape `OT1/cmr/bx/sc' undefined
(Font)              using `OT1/cmr/bx/n' instead on input line 106.


Underfull \hbox (badness 10000) in paragraph at lines 106--106

 []


Underfull \hbox (badness 10000) in paragraph at lines 114--117
  []
 []


Underfull \hbox (badness 10000) in paragraph at lines 114--117
  []
 []


Underfull \hbox (badness 10000) in paragraph at lines 118--119
  []
 []


Underfull \hbox (badness 10000) in paragraph at lines 120--121
  []
 []


Underfull \hbox (badness 10000) in paragraph at lines 122--123
  []
 []


Underfull \hbox (badness 10000) in paragraph at lines 124--125
  []
 []


Underfull \hbox (badness 10000) in paragraph at lines 127--128
  []
 []


Underfull \hbox (badness 10000) in paragraph at lines 127--128

 []

[1

{/usr/local/texlive/2019/texmf-var/fonts/map/pdftex/updmap/pdftex.map}]
Underfull \hbox (badness 10000) in paragraph at lines 129--132
  []
 []


Underfull \hbox (badness 10000) in paragraph at lines 129--132
  []
 []


Underfull \hbox (badness 10000) in paragraph at lines 134--135
  []
 []


Underfull \hbox (badness 10000) in paragraph at lines 136--137
  []
 []


Underfull \hbox (badness 10000) in paragraph at lines 138--139
  []
 []


Underfull \hbox (badness 10000) in paragraph at lines 140--141
  []
 []


Underfull \hbox (badness 10000) in paragraph at lines 143--144
  []
 []


Underfull \hbox (badness 10000) in paragraph at lines 143--144

 []


Underfull \hbox (badness 10000) in paragraph at lines 146--149
  []
 []


Underfull \hbox (badness 10000) in paragraph at lines 146--149
  []
 []


Underfull \hbox (badness 10000) in paragraph at lines 150--151
  []
 []


Underfull \hbox (badness 10000) in paragraph at lines 153--154
  []
 []


Underfull \hbox (badness 10000) in paragraph at lines 156--159
\OT1/cmr/bx/n/10 2018  []
 []


Underfull \hbox (badness 10000) in paragraph at lines 156--159
  []
 []


Underfull \hbox (badness 10000) in paragraph at lines 156--159
  []
 []


Underfull \hbox (badness 10000) in paragraph at lines 161--162
  []
 []


Underfull \hbox (badness 10000) in paragraph at lines 165--166
  []
 []


Underfull \hbox (badness 10000) in paragraph at lines 168--170
\OT1/cmr/bx/n/10 2017  []
 []


Underfull \hbox (badness 10000) in paragraph at lines 168--170
  []
 []


Underfull \hbox (badness 10000) in paragraph at lines 171--172
  []
 []


Underfull \hbox (badness 10000) in paragraph at lines 174--175
  []
 []


Underfull \hbox (badness 10000) in paragraph at lines 177--180
\OT1/cmr/bx/n/10 2017  []
 []


Underfull \hbox (badness 10000) in paragraph at lines 177--180
  []
 []


Underfull \hbox (badness 10000) in paragraph at lines 177--180
  []
 []

[2]
Underfull \hbox (badness 10000) in paragraph at lines 182--183
  []
 []


Underfull \hbox (badness 10000) in paragraph at lines 185--186
  []
 []

LaTeX Font Info:    Try loading font information for U+rsfs on input line 192.
(/usr/local/texlive/2019/texmf-dist/tex/latex/jknapltx/ursfs.fd
File: ursfs.fd 1998/03/24 rsfs font definition file (jk)
)
LaTeX Font Info:    Try loading font information for U+msa on input line 192.

(/usr/local/texlive/2019/texmf-dist/tex/latex/amsfonts/umsa.fd
File: umsa.fd 2013/01/14 v3.01 AMS symbols A
)
LaTeX Font Info:    Try loading font information for U+msb on input line 192.

(/usr/local/texlive/2019/texmf-dist/tex/latex/amsfonts/umsb.fd
File: umsb.fd 2013/01/14 v3.01 AMS symbols B
)
Underfull \hbox (badness 10000) in paragraph at lines 192--196
  []
 []


Underfull \hbox (badness 10000) in paragraph at lines 192--196

 []


Underfull \hbox (badness 10000) in paragraph at lines 200--201

 []


Underfull \hbox (badness 10000) in paragraph at lines 209--210

 []


Underfull \hbox (badness 10000) in paragraph at lines 221--222

 []


Underfull \hbox (badness 10000) in paragraph at lines 226--227

 []


Underfull \hbox (badness 10000) in paragraph at lines 231--232

 []

[3]
Overfull \hbox (0.94443pt too wide) in paragraph at lines 242--243
\OT1/cmr/bx/n/10 20-06-2019   []
 []


Underfull \hbox (badness 10000) in paragraph at lines 242--243

 []


Overfull \hbox (0.94443pt too wide) in paragraph at lines 246--247
\OT1/cmr/bx/n/10 18-09-2018   []
 []


Underfull \hbox (badness 10000) in paragraph at lines 246--247

 []


Overfull \hbox (0.94443pt too wide) in paragraph at lines 251--252
\OT1/cmr/bx/n/10 18-06-2018   []
 []


Underfull \hbox (badness 10000) in paragraph at lines 251--252

 []


Overfull \hbox (0.94443pt too wide) in paragraph at lines 256--257
\OT1/cmr/bx/n/10 18-06-2018   []
 []


Underfull \hbox (badness 10000) in paragraph at lines 256--257

 []


Overfull \hbox (0.94443pt too wide) in paragraph at lines 261--262
\OT1/cmr/bx/n/10 18-06-2018   []
 []


Underfull \hbox (badness 10000) in paragraph at lines 261--262

 []


Overfull \hbox (0.94443pt too wide) in paragraph at lines 266--267
\OT1/cmr/bx/n/10 18-06-2018   []
 []


Underfull \hbox (badness 10000) in paragraph at lines 266--267

 []


Overfull \hbox (0.94443pt too wide) in paragraph at lines 271--272
\OT1/cmr/bx/n/10 18-06-2018   []
 []


Underfull \hbox (badness 10000) in paragraph at lines 271--272

 []


Overfull \hbox (0.94443pt too wide) in paragraph at lines 276--277
\OT1/cmr/bx/n/10 18-06-2018   []
 []


Underfull \hbox (badness 10000) in paragraph at lines 276--277

 []


Underfull \hbox (badness 10000) in paragraph at lines 286--287

 []


Underfull \hbox (badness 10000) in paragraph at lines 291--292

 []

[4]
Underfull \hbox (badness 10000) in paragraph at lines 296--297

 []


Underfull \hbox (badness 10000) in paragraph at lines 301--302

 []


Underfull \hbox (badness 10000) in paragraph at lines 312--317
\OT1/cmr/bx/n/10 OS  []
 []


Underfull \hbox (badness 10000) in paragraph at lines 312--317
\OT1/cmr/bx/n/10 DB  []
 []


Underfull \hbox (badness 10000) in paragraph at lines 312--317
\OT1/cmr/bx/n/10 Tools  []
 []


Underfull \hbox (badness 10000) in paragraph at lines 312--317
\OT1/cmr/bx/n/10 Viz  []
 []


Underfull \hbox (badness 10000) in paragraph at lines 321--324
\OT1/cmr/bx/n/10 French  []
 []


Underfull \hbox (badness 6876) in paragraph at lines 321--324
\OT1/cmr/bx/n/10 En-glish  []
 []


Underfull \hbox (badness 10000) in paragraph at lines 328--330
  []
 []


Underfull \hbox (badness 10000) in paragraph at lines 331--332
\OT1/cmr/bx/n/10 Hobby  []
 []

[5] (./English.aux)

LaTeX Font Warning: Some font shapes were not available, defaults substituted.

 ) 
Here is how much of TeX's memory you used:
 2709 strings out of 492616
 36788 string characters out of 6129480
 104845 words of memory out of 5000000
 6567 multiletter control sequences out of 15000+600000
 7946 words of font info for 32 fonts, out of 8000000 for 9000
 1141 hyphenation exceptions out of 8191
 41i,6n,27p,713b,207s stack positions out of 5000i,500n,10000p,200000b,80000s
</usr/local/texlive/2019/texmf-dist/fonts/type1/public/amsfonts/cm/cmbx10.pfb
></usr/local/texlive/2019/texmf-dist/fonts/type1/public/amsfonts/cm/cmbx12.pfb>
</usr/local/texlive/2019/texmf-dist/fonts/type1/public/amsfonts/cm/cmcsc10.pfb>
</usr/local/texlive/2019/texmf-dist/fonts/type1/public/amsfonts/cm/cmmi10.pfb><
/usr/local/texlive/2019/texmf-dist/fonts/type1/public/amsfonts/cm/cmr10.pfb></u
sr/local/texlive/2019/texmf-dist/fonts/type1/public/amsfonts/cm/cmr9.pfb>
Output written on English.pdf (5 pages, 108573 bytes).
PDF statistics:
 44 PDF objects out of 1000 (max. 8388607)
 30 compressed objects within 1 object stream
 0 named destinations out of 1000 (max. 500000)
 1 words of extra memory for PDF output out of 10000 (max. 10000000)

